c:\programming_c_python\source\c\ch02_variable\ch02_variable\x64\debug\vc143.pdb
c:\programming_c_python\source\c\ch02_variable\ch02_variable\x64\debug\vc143.idb
c:\programming_c_python\source\c\ch02_variable\ch02_variable\x64\debug\ex2.1_정수형_문자형.obj
c:\programming_c_python\source\c\ch02_variable\ch02_variable\x64\debug\ex2.2_변수선언방법.obj
c:\programming_c_python\source\c\ch02_variable\ch02_variable\x64\debug\ch02_variable.ilk
c:\programming_c_python\source\c\ch02_variable\x64\debug\ch02_variable.pdb
c:\programming_c_python\source\c\ch02_variable\ch02_variable\x64\debug\ch02_variable.tlog\cl.command.1.tlog
c:\programming_c_python\source\c\ch02_variable\ch02_variable\x64\debug\ch02_variable.tlog\cl.items.tlog
c:\programming_c_python\source\c\ch02_variable\ch02_variable\x64\debug\ch02_variable.tlog\cl.read.1.tlog
c:\programming_c_python\source\c\ch02_variable\ch02_variable\x64\debug\ch02_variable.tlog\cl.write.1.tlog
c:\programming_c_python\source\c\ch02_variable\ch02_variable\x64\debug\ch02_variable.tlog\link.12068-cvtres.read.1.tlog
c:\programming_c_python\source\c\ch02_variable\ch02_variable\x64\debug\ch02_variable.tlog\link.12068-cvtres.write.1.tlog
c:\programming_c_python\source\c\ch02_variable\ch02_variable\x64\debug\ch02_variable.tlog\link.12068-rc.read.1.tlog
c:\programming_c_python\source\c\ch02_variable\ch02_variable\x64\debug\ch02_variable.tlog\link.12068-rc.write.1.tlog
c:\programming_c_python\source\c\ch02_variable\ch02_variable\x64\debug\ch02_variable.tlog\link.12068.read.1.tlog
c:\programming_c_python\source\c\ch02_variable\ch02_variable\x64\debug\ch02_variable.tlog\link.12068.read.2.tlog
c:\programming_c_python\source\c\ch02_variable\ch02_variable\x64\debug\ch02_variable.tlog\link.12068.write.1.tlog
c:\programming_c_python\source\c\ch02_variable\ch02_variable\x64\debug\ch02_variable.tlog\link.command.1.tlog
c:\programming_c_python\source\c\ch02_variable\ch02_variable\x64\debug\ch02_variable.tlog\link.read.1.tlog
c:\programming_c_python\source\c\ch02_variable\ch02_variable\x64\debug\ch02_variable.tlog\link.secondary.1.tlog
c:\programming_c_python\source\c\ch02_variable\ch02_variable\x64\debug\ch02_variable.tlog\link.write.1.tlog
